Mon Nov 20 10:12:15 CET 2017 : Apache Derby Network Server - 10.11.1.2 - (1629631) started and ready to accept connections on port 1527
----------------------------------------------------------------
Mon Nov 20 10:12:23 CET 2017:
Booting Derby version The Apache Software Foundation - Apache Derby - 10.11.1.2 - (1629631): instance a816c00e-015f-d8b3-11a5-000006f1b100 
on database directory C:\Users\Robin\Desktop\Schule\4AHIF_JAVA\PlanetShop\db\dbds with class loader sun.misc.Launcher$AppClassLoader@610455d6 
Loaded from file:/C:/Program%20Files/Java/jdk1.8.0_102/db/lib/derby.jar
java.vendor=Oracle Corporation
java.runtime.version=1.8.0_102-b14
user.dir=C:\Users\Robin\Desktop\Schule\4AHIF_JAVA\PlanetShop\db
os.name=Windows 10
os.arch=amd64
os.version=10.0
derby.system.home=null
Database Class Loader started - derby.database.classpath=''
----------------------------------------------------------------
Mon Nov 20 10:29:26 CET 2017:
Booting Derby version The Apache Software Foundation - Apache Derby - 10.11.1.2 - (1629631): instance 424a8045-015f-d8b3-11a5-000006f1b100 
on database directory C:\Users\Robin\Desktop\Schule\4AHIF_JAVA\PlanetShop\db\db with class loader sun.misc.Launcher$AppClassLoader@610455d6 
Loaded from file:/C:/Program%20Files/Java/jdk1.8.0_102/db/lib/derby.jar
java.vendor=Oracle Corporation
java.runtime.version=1.8.0_102-b14
user.dir=C:\Users\Robin\Desktop\Schule\4AHIF_JAVA\PlanetShop\db
os.name=Windows 10
os.arch=amd64
os.version=10.0
derby.system.home=null
Database Class Loader started - derby.database.classpath=''
